c:\users\maestro miguel\desktop\practica1_tpv2\tpv2\tpv2\x64\debug\vc142.pdb
c:\users\maestro miguel\desktop\practica1_tpv2\tpv2\tpv2\x64\debug\vc142.idb
c:\users\maestro miguel\desktop\practica1_tpv2\tpv2\tpv2\x64\debug\vector2d.obj
c:\users\maestro miguel\desktop\practica1_tpv2\tpv2\tpv2\x64\debug\collisions.obj
c:\users\maestro miguel\desktop\practica1_tpv2\tpv2\tpv2\x64\debug\texture.obj
c:\users\maestro miguel\desktop\practica1_tpv2\tpv2\tpv2\x64\debug\soundeffect.obj
c:\users\maestro miguel\desktop\practica1_tpv2\tpv2\tpv2\x64\debug\sdlutils_demo.obj
c:\users\maestro miguel\desktop\practica1_tpv2\tpv2\tpv2\x64\debug\sdlutils.obj
c:\users\maestro miguel\desktop\practica1_tpv2\tpv2\tpv2\x64\debug\json_demo.obj
c:\users\maestro miguel\desktop\practica1_tpv2\tpv2\tpv2\x64\debug\jsonvalue.obj
c:\users\maestro miguel\desktop\practica1_tpv2\tpv2\tpv2\x64\debug\json.obj
c:\users\maestro miguel\desktop\practica1_tpv2\tpv2\tpv2\x64\debug\game.obj
c:\users\maestro miguel\desktop\practica1_tpv2\tpv2\tpv2\x64\debug\main.obj
c:\users\maestro miguel\desktop\practica1_tpv2\tpv2\tpv2\x64\debug\gamestatemachine.obj
c:\users\maestro miguel\desktop\practica1_tpv2\tpv2\tpv2\x64\debug\gameobject.obj
c:\users\maestro miguel\desktop\practica1_tpv2\tpv2\tpv2\x64\debug\gamestate.obj
c:\users\maestro miguel\desktop\practica1_tpv2\tpv2\tpv2\x64\debug\playstate.obj
c:\users\maestro miguel\desktop\practica1_tpv2\tpv2\tpv2\x64\debug\ecs.obj
c:\users\maestro miguel\desktop\practica1_tpv2\tpv2\tpv2\x64\debug\manager.obj
c:\users\maestro miguel\desktop\practica1_tpv2\tpv2\tpv2\x64\debug\component.obj
c:\users\maestro miguel\desktop\practica1_tpv2\tpv2\tpv2\x64\debug\entity.obj
c:\users\maestro miguel\desktop\practica1_tpv2\tpv2\tpv2\x64\debug\transform.obj
c:\users\maestro miguel\desktop\practica1_tpv2\tpv2\tpv2\x64\debug\image.obj
c:\users\maestro miguel\desktop\practica1_tpv2\tpv2\bin\tpv2debug.exe
c:\users\maestro miguel\desktop\practica1_tpv2\tpv2\tpv2\x64\debug\tpv2debug.ilk
c:\users\maestro miguel\desktop\practica1_tpv2\tpv2\bin\tpv2debug.pdb
c:\users\maestro miguel\desktop\practica1_tpv2\tpv2\bin\tpv2debug.lib
c:\users\maestro miguel\desktop\practica1_tpv2\tpv2\bin\tpv2debug.exp
c:\users\maestro miguel\desktop\practica1_tpv2\tpv2\tpv2\x64\debug\tpv2.tlog\cl.command.1.tlog
c:\users\maestro miguel\desktop\practica1_tpv2\tpv2\tpv2\x64\debug\tpv2.tlog\cl.read.1.tlog
c:\users\maestro miguel\desktop\practica1_tpv2\tpv2\tpv2\x64\debug\tpv2.tlog\cl.write.1.tlog
c:\users\maestro miguel\desktop\practica1_tpv2\tpv2\tpv2\x64\debug\tpv2.tlog\link-cvtres.read.1.tlog
c:\users\maestro miguel\desktop\practica1_tpv2\tpv2\tpv2\x64\debug\tpv2.tlog\link-cvtres.write.1.tlog
c:\users\maestro miguel\desktop\practica1_tpv2\tpv2\tpv2\x64\debug\tpv2.tlog\link-rc.read.1.tlog
c:\users\maestro miguel\desktop\practica1_tpv2\tpv2\tpv2\x64\debug\tpv2.tlog\link-rc.write.1.tlog
c:\users\maestro miguel\desktop\practica1_tpv2\tpv2\tpv2\x64\debug\tpv2.tlog\link.13428-cvtres.read.1.tlog
c:\users\maestro miguel\desktop\practica1_tpv2\tpv2\tpv2\x64\debug\tpv2.tlog\link.13428-cvtres.write.1.tlog
c:\users\maestro miguel\desktop\practica1_tpv2\tpv2\tpv2\x64\debug\tpv2.tlog\link.13428-rc.read.1.tlog
c:\users\maestro miguel\desktop\practica1_tpv2\tpv2\tpv2\x64\debug\tpv2.tlog\link.13428-rc.write.1.tlog
c:\users\maestro miguel\desktop\practica1_tpv2\tpv2\tpv2\x64\debug\tpv2.tlog\link.13428.read.1.tlog
c:\users\maestro miguel\desktop\practica1_tpv2\tpv2\tpv2\x64\debug\tpv2.tlog\link.13428.write.1.tlog
c:\users\maestro miguel\desktop\practica1_tpv2\tpv2\tpv2\x64\debug\tpv2.tlog\link.command.1.tlog
c:\users\maestro miguel\desktop\practica1_tpv2\tpv2\tpv2\x64\debug\tpv2.tlog\link.read.1.tlog
c:\users\maestro miguel\desktop\practica1_tpv2\tpv2\tpv2\x64\debug\tpv2.tlog\link.write.1.tlog
c:\users\maestro miguel\desktop\practica1_tpv2\tpv2\tpv2\x64\debug\tpv2.tlog\tpv2.write.1u.tlog
